<?xml version="1.0" encoding="UTF-8"?>
<Site BuildName="(empty)"
	BuildStamp="20240603-0610-Experimental"
	Name="mtnguyen-vm"
	Generator="ctest-3.10.2"
	CompilerName="/usr/bin/c++"
	CompilerVersion="7.5.0"
	OSName="Linux"
	Hostname="mtnguyen-vm"
	OSRelease="5.4.0-150-generic"
	OSVersion="#167~18.04.1-Ubuntu SMP Wed May 24 00:51:42 UTC 2023"
	OSPlatform="x86_64"
	Is64Bits="1"
	VendorString="GenuineIntel"
	VendorID="Intel Corporation"
	FamilyID="6"
	ModelID="158"
	ProcessorCacheSize="8192"
	NumberOfLogicalCPU="1"
	NumberOfPhysicalCPU="1"
	TotalVirtualMemory="2047"
	TotalPhysicalMemory="8941"
	LogicalProcessorsPerPhysical="1"
	ProcessorClockFrequency="2304"
	>
	<Testing>
		<StartDateTime>Jun 03 18:57 AEST</StartDateTime>
		<StartTestTime>1717405041</StartTestTime>
		<TestList/>
		<EndDateTime>Jun 03 18:57 AEST</EndDateTime>
		<EndTestTime>1717405041</EndTestTime>
		<ElapsedMinutes>0</ElapsedMinutes>
	</Testing>
</Site>
